This file contains any messages produced by compilers while
running configure, to aid debugging if configure makes a mistake.

It was created by ITAPS swapping service configure 1.0, which was
generated by GNU Autoconf 2.65.  Invocation command line was

  $ ./configure 

## --------- ##
## Platform. ##
## --------- ##

hostname = localhost
uname -m = x86_64
uname -r = 2.6.32-35-generic
uname -s = Linux
uname -v = #78-Ubuntu SMP Tue Oct 11 16:11:24 UTC 2011

/usr/bin/uname -p = unknown
/bin/uname -X     = unknown

/bin/arch              = unknown
/usr/bin/arch -k       = unknown
/usr/convex/getsysinfo = unknown
/usr/bin/hostinfo      = unknown
/bin/machine           = unknown
/usr/bin/oslevel       = unknown
/bin/universe          = unknown

PATH: /usr/lib/jvm/java-1.5.0-sun-1.5.0.15/bin
PATH: /usr/lib/jvm/java-6-sun/bin
PATH: /home/cfog/bin
PATH: /usr/local/sbin
PATH: /usr/local/bin
PATH: /usr/sbin
PATH: /usr/bin
PATH: /sbin
PATH: /bin
PATH: /usr/games


## ----------- ##
## Core tests. ##
## ----------- ##

configure:2314: checking build system type
configure:2328: result: x86_64-unknown-linux-gnu
configure:2348: checking host system type
configure:2361: result: x86_64-unknown-linux-gnu
configure:2393: checking for grep that handles long lines and -e
configure:2451: result: /bin/grep
configure:2456: checking for egrep
configure:2518: result: /bin/grep -E
configure:2581: checking for gcc
configure:2597: found /usr/bin/gcc
configure:2608: result: gcc
configure:2837: checking for C compiler version
configure:2846: gcc --version >&5
gcc (Ubuntu 4.4.3-4ubuntu5) 4.4.3
Copyright (C) 2009 Free Software Foundation, Inc.
This is free software; see the source for copying conditions.  There is NO
warranty; not even for MERCHANTABILITY or FITNESS FOR A PARTICULAR PURPOSE.

configure:2857: $? = 0
configure:2846: gcc -v >&5
Using built-in specs.
Target: x86_64-linux-gnu
Configured with: ../src/configure -v --with-pkgversion='Ubuntu 4.4.3-4ubuntu5' --with-bugurl=file:///usr/share/doc/gcc-4.4/README.Bugs --enable-languages=c,c++,fortran,objc,obj-c++ --prefix=/usr --enable-shared --enable-multiarch --enable-linker-build-id --with-system-zlib --libexecdir=/usr/lib --without-included-gettext --enable-threads=posix --with-gxx-include-dir=/usr/include/c++/4.4 --program-suffix=-4.4 --enable-nls --enable-clocale=gnu --enable-libstdcxx-debug --enable-plugin --enable-objc-gc --disable-werror --with-arch-32=i486 --with-tune=generic --enable-checking=release --build=x86_64-linux-gnu --host=x86_64-linux-gnu --target=x86_64-linux-gnu
Thread model: posix
gcc version 4.4.3 (Ubuntu 4.4.3-4ubuntu5) 
configure:2857: $? = 0
configure:2846: gcc -V >&5
gcc: '-V' option must have argument
configure:2857: $? = 1
configure:2846: gcc -qversion >&5
gcc: unrecognized option '-qversion'
gcc: no input files
configure:2857: $? = 1
configure:2877: checking whether the C compiler works
configure:2899: gcc    conftest.c  >&5
configure:2903: $? = 0
configure:2952: result: yes
configure:2955: checking for C compiler default output file name
configure:2957: result: a.out
configure:2963: checking for suffix of executables
configure:2970: gcc -o conftest    conftest.c  >&5
configure:2974: $? = 0
configure:2996: result: 
configure:3018: checking whether we are cross compiling
configure:3026: gcc -o conftest    conftest.c  >&5
configure:3030: $? = 0
configure:3037: ./conftest
configure:3041: $? = 0
configure:3056: result: no
configure:3061: checking for suffix of object files
configure:3083: gcc -c   conftest.c >&5
configure:3087: $? = 0
configure:3108: result: o
configure:3112: checking whether we are using the GNU C compiler
configure:3131: gcc -c   conftest.c >&5
configure:3131: $? = 0
configure:3140: result: yes
configure:3149: checking whether gcc accepts -g
configure:3169: gcc -c -g  conftest.c >&5
configure:3169: $? = 0
configure:3210: result: yes
configure:3227: checking for gcc option to accept ISO C89
configure:3291: gcc  -c -g -O2  conftest.c >&5
configure:3291: $? = 0
configure:3304: result: none needed
configure:3329: checking how to run the C preprocessor
configure:3360: gcc -E  conftest.c
configure:3360: $? = 0
configure:3374: gcc -E  conftest.c
conftest.c:9:28: error: ac_nonexistent.h: No such file or directory
configure:3374: $? = 1
configure: failed program was:
| /* confdefs.h */
| #define PACKAGE_NAME "ITAPS swapping service"
| #define PACKAGE_TARNAME "itaps-swapping-service"
| #define PACKAGE_VERSION "1.0"
| #define PACKAGE_STRING "ITAPS swapping service 1.0"
| #define PACKAGE_BUGREPORT "cfog@mech.ubc.ca"
| #define PACKAGE_URL ""
| /* end confdefs.h.  */
| #include <ac_nonexistent.h>
configure:3399: result: gcc -E
configure:3419: gcc -E  conftest.c
configure:3419: $? = 0
configure:3433: gcc -E  conftest.c
conftest.c:9:28: error: ac_nonexistent.h: No such file or directory
configure:3433: $? = 1
configure: failed program was:
| /* confdefs.h */
| #define PACKAGE_NAME "ITAPS swapping service"
| #define PACKAGE_TARNAME "itaps-swapping-service"
| #define PACKAGE_VERSION "1.0"
| #define PACKAGE_STRING "ITAPS swapping service 1.0"
| #define PACKAGE_BUGREPORT "cfog@mech.ubc.ca"
| #define PACKAGE_URL ""
| /* end confdefs.h.  */
| #include <ac_nonexistent.h>
configure:3509: checking for gcc
configure:3536: result: gcc
configure:3765: checking for C compiler version
configure:3774: gcc --version >&5
gcc (Ubuntu 4.4.3-4ubuntu5) 4.4.3
Copyright (C) 2009 Free Software Foundation, Inc.
This is free software; see the source for copying conditions.  There is NO
warranty; not even for MERCHANTABILITY or FITNESS FOR A PARTICULAR PURPOSE.

configure:3785: $? = 0
configure:3774: gcc -v >&5
Using built-in specs.
Target: x86_64-linux-gnu
Configured with: ../src/configure -v --with-pkgversion='Ubuntu 4.4.3-4ubuntu5' --with-bugurl=file:///usr/share/doc/gcc-4.4/README.Bugs --enable-languages=c,c++,fortran,objc,obj-c++ --prefix=/usr --enable-shared --enable-multiarch --enable-linker-build-id --with-system-zlib --libexecdir=/usr/lib --without-included-gettext --enable-threads=posix --with-gxx-include-dir=/usr/include/c++/4.4 --program-suffix=-4.4 --enable-nls --enable-clocale=gnu --enable-libstdcxx-debug --enable-plugin --enable-objc-gc --disable-werror --with-arch-32=i486 --with-tune=generic --enable-checking=release --build=x86_64-linux-gnu --host=x86_64-linux-gnu --target=x86_64-linux-gnu
Thread model: posix
gcc version 4.4.3 (Ubuntu 4.4.3-4ubuntu5) 
configure:3785: $? = 0
configure:3774: gcc -V >&5
gcc: '-V' option must have argument
configure:3785: $? = 1
configure:3774: gcc -qversion >&5
gcc: unrecognized option '-qversion'
gcc: no input files
configure:3785: $? = 1
configure:3789: checking whether we are using the GNU C compiler
configure:3817: result: yes
configure:3826: checking whether gcc accepts -g
configure:3887: result: yes
configure:3904: checking for gcc option to accept ISO C89
configure:3981: result: none needed
configure:4002: checking whether gcc and cc understand -c and -o together
configure:4033: gcc -c conftest.c -o conftest2.o >&5
configure:4037: $? = 0
configure:4043: gcc -c conftest.c -o conftest2.o >&5
configure:4047: $? = 0
configure:4058: cc -c conftest.c >&5
configure:4062: $? = 0
configure:4070: cc -c conftest.c -o conftest2.o >&5
configure:4074: $? = 0
configure:4080: cc -c conftest.c -o conftest2.o >&5
configure:4084: $? = 0
configure:4102: result: yes
configure:4116: checking for ANSI C header files
configure:4136: gcc -c -g -O2  conftest.c >&5
configure:4136: $? = 0
configure:4209: gcc -o conftest -g -O2   conftest.c  >&5
configure:4209: $? = 0
configure:4209: ./conftest
configure:4209: $? = 0
configure:4220: result: yes
configure:4228: checking for an ANSI C-conforming const
configure:4293: gcc -c -g -O2  conftest.c >&5
configure:4293: $? = 0
configure:4300: result: yes
configure:4308: checking for inline
configure:4324: gcc -c -g -O2  conftest.c >&5
configure:4324: $? = 0
configure:4332: result: inline
configure:4409: checking for g++
configure:4425: found /usr/bin/g++
configure:4436: result: g++
configure:4463: checking for C++ compiler version
configure:4472: g++ --version >&5
g++ (Ubuntu 4.4.3-4ubuntu5) 4.4.3
Copyright (C) 2009 Free Software Foundation, Inc.
This is free software; see the source for copying conditions.  There is NO
warranty; not even for MERCHANTABILITY or FITNESS FOR A PARTICULAR PURPOSE.

configure:4483: $? = 0
configure:4472: g++ -v >&5
Using built-in specs.
Target: x86_64-linux-gnu
Configured with: ../src/configure -v --with-pkgversion='Ubuntu 4.4.3-4ubuntu5' --with-bugurl=file:///usr/share/doc/gcc-4.4/README.Bugs --enable-languages=c,c++,fortran,objc,obj-c++ --prefix=/usr --enable-shared --enable-multiarch --enable-linker-build-id --with-system-zlib --libexecdir=/usr/lib --without-included-gettext --enable-threads=posix --with-gxx-include-dir=/usr/include/c++/4.4 --program-suffix=-4.4 --enable-nls --enable-clocale=gnu --enable-libstdcxx-debug --enable-plugin --enable-objc-gc --disable-werror --with-arch-32=i486 --with-tune=generic --enable-checking=release --build=x86_64-linux-gnu --host=x86_64-linux-gnu --target=x86_64-linux-gnu
Thread model: posix
gcc version 4.4.3 (Ubuntu 4.4.3-4ubuntu5) 
configure:4483: $? = 0
configure:4472: g++ -V >&5
g++: '-V' option must have argument
configure:4483: $? = 1
configure:4472: g++ -qversion >&5
g++: unrecognized option '-qversion'
g++: no input files
configure:4483: $? = 1
configure:4487: checking whether we are using the GNU C++ compiler
configure:4506: g++ -c   conftest.cpp >&5
configure:4506: $? = 0
configure:4515: result: yes
configure:4524: checking whether g++ accepts -g
configure:4544: g++ -c -g  conftest.cpp >&5
configure:4544: $? = 0
configure:4585: result: yes
configure:4613: checking how to run the C++ preprocessor
configure:4640: g++ -E  conftest.cpp
configure:4640: $? = 0
configure:4654: g++ -E  conftest.cpp
conftest.cpp:10:28: error: ac_nonexistent.h: No such file or directory
configure:4654: $? = 1
configure: failed program was:
| /* confdefs.h */
| #define PACKAGE_NAME "ITAPS swapping service"
| #define PACKAGE_TARNAME "itaps-swapping-service"
| #define PACKAGE_VERSION "1.0"
| #define PACKAGE_STRING "ITAPS swapping service 1.0"
| #define PACKAGE_BUGREPORT "cfog@mech.ubc.ca"
| #define PACKAGE_URL ""
| #define STDC_HEADERS 1
| /* end confdefs.h.  */
| #include <ac_nonexistent.h>
configure:4679: result: g++ -E
configure:4699: g++ -E  conftest.cpp
configure:4699: $? = 0
configure:4713: g++ -E  conftest.cpp
conftest.cpp:10:28: error: ac_nonexistent.h: No such file or directory
configure:4713: $? = 1
configure: failed program was:
| /* confdefs.h */
| #define PACKAGE_NAME "ITAPS swapping service"
| #define PACKAGE_TARNAME "itaps-swapping-service"
| #define PACKAGE_VERSION "1.0"
| #define PACKAGE_STRING "ITAPS swapping service 1.0"
| #define PACKAGE_BUGREPORT "cfog@mech.ubc.ca"
| #define PACKAGE_URL ""
| #define STDC_HEADERS 1
| /* end confdefs.h.  */
| #include <ac_nonexistent.h>
configure:4853: checking for C++ compiler version
configure:4862: g++ --version >&5
g++ (Ubuntu 4.4.3-4ubuntu5) 4.4.3
Copyright (C) 2009 Free Software Foundation, Inc.
This is free software; see the source for copying conditions.  There is NO
warranty; not even for MERCHANTABILITY or FITNESS FOR A PARTICULAR PURPOSE.

configure:4873: $? = 0
configure:4862: g++ -v >&5
Using built-in specs.
Target: x86_64-linux-gnu
Configured with: ../src/configure -v --with-pkgversion='Ubuntu 4.4.3-4ubuntu5' --with-bugurl=file:///usr/share/doc/gcc-4.4/README.Bugs --enable-languages=c,c++,fortran,objc,obj-c++ --prefix=/usr --enable-shared --enable-multiarch --enable-linker-build-id --with-system-zlib --libexecdir=/usr/lib --without-included-gettext --enable-threads=posix --with-gxx-include-dir=/usr/include/c++/4.4 --program-suffix=-4.4 --enable-nls --enable-clocale=gnu --enable-libstdcxx-debug --enable-plugin --enable-objc-gc --disable-werror --with-arch-32=i486 --with-tune=generic --enable-checking=release --build=x86_64-linux-gnu --host=x86_64-linux-gnu --target=x86_64-linux-gnu
Thread model: posix
gcc version 4.4.3 (Ubuntu 4.4.3-4ubuntu5) 
configure:4873: $? = 0
configure:4862: g++ -V >&5
g++: '-V' option must have argument
configure:4873: $? = 1
configure:4862: g++ -qversion >&5
g++: unrecognized option '-qversion'
g++: no input files
configure:4873: $? = 1
configure:4877: checking whether we are using the GNU C++ compiler
configure:4905: result: yes
configure:4914: checking whether g++ accepts -g
configure:4975: result: yes
configure:5013: checking for a BSD-compatible install
configure:5081: result: /usr/bin/install -c
configure:5092: checking whether ln -s works
configure:5096: result: yes
configure:5103: checking whether make sets $(MAKE)
configure:5125: result: yes
configure:5177: checking for ranlib
configure:5193: found /usr/bin/ranlib
configure:5204: result: ranlib
configure:5231: checking for gawk
configure:5247: found /usr/bin/gawk
configure:5258: result: gawk
configure:5274: checking how to create static libraries
configure:5280: result: ar ruv
configure:5282: checking how to create shared libraries from C++ source
configure:5319: result: g++ -fPIC -shared -o
configure:5329: checking for sys/types.h
configure:5329: gcc -fPIC -c -g -O2  conftest.c >&5
configure:5329: $? = 0
configure:5329: result: yes
configure:5329: checking for sys/stat.h
configure:5329: gcc -fPIC -c -g -O2  conftest.c >&5
configure:5329: $? = 0
configure:5329: result: yes
configure:5329: checking for stdlib.h
configure:5329: gcc -fPIC -c -g -O2  conftest.c >&5
configure:5329: $? = 0
configure:5329: result: yes
configure:5329: checking for string.h
configure:5329: gcc -fPIC -c -g -O2  conftest.c >&5
configure:5329: $? = 0
configure:5329: result: yes
configure:5329: checking for memory.h
configure:5329: gcc -fPIC -c -g -O2  conftest.c >&5
configure:5329: $? = 0
configure:5329: result: yes
configure:5329: checking for strings.h
configure:5329: gcc -fPIC -c -g -O2  conftest.c >&5
configure:5329: $? = 0
configure:5329: result: yes
configure:5329: checking for inttypes.h
configure:5329: gcc -fPIC -c -g -O2  conftest.c >&5
configure:5329: $? = 0
configure:5329: result: yes
configure:5329: checking for stdint.h
configure:5329: gcc -fPIC -c -g -O2  conftest.c >&5
configure:5329: $? = 0
configure:5329: result: yes
configure:5329: checking for unistd.h
configure:5329: gcc -fPIC -c -g -O2  conftest.c >&5
configure:5329: $? = 0
configure:5329: result: yes
configure:5342: checking for stdbool.h that conforms to C99
configure:5427: gcc -fPIC -c -g -O2  conftest.c >&5
configure:5427: $? = 0
configure:5434: result: yes
configure:5436: checking for _Bool
configure:5436: gcc -fPIC -c -g -O2  conftest.c >&5
configure:5436: $? = 0
configure:5436: gcc -fPIC -c -g -O2  conftest.c >&5
conftest.c: In function 'main':
conftest.c:55: error: expected expression before ')' token
configure:5436: $? = 1
configure: failed program was:
| /* confdefs.h */
| #define PACKAGE_NAME "ITAPS swapping service"
| #define PACKAGE_TARNAME "itaps-swapping-service"
| #define PACKAGE_VERSION "1.0"
| #define PACKAGE_STRING "ITAPS swapping service 1.0"
| #define PACKAGE_BUGREPORT "cfog@mech.ubc.ca"
| #define PACKAGE_URL ""
| #define STDC_HEADERS 1
| #define HAVE_SYS_TYPES_H 1
| #define HAVE_SYS_STAT_H 1
| #define HAVE_STDLIB_H 1
| #define HAVE_STRING_H 1
| #define HAVE_MEMORY_H 1
| #define HAVE_STRINGS_H 1
| #define HAVE_INTTYPES_H 1
| #define HAVE_STDINT_H 1
| #define HAVE_UNISTD_H 1
| /* end confdefs.h.  */
| #include <stdio.h>
| #ifdef HAVE_SYS_TYPES_H
| # include <sys/types.h>
| #endif
| #ifdef HAVE_SYS_STAT_H
| # include <sys/stat.h>
| #endif
| #ifdef STDC_HEADERS
| # include <stdlib.h>
| # include <stddef.h>
| #else
| # ifdef HAVE_STDLIB_H
| #  include <stdlib.h>
| # endif
| #endif
| #ifdef HAVE_STRING_H
| # if !defined STDC_HEADERS && defined HAVE_MEMORY_H
| #  include <memory.h>
| # endif
| # include <string.h>
| #endif
| #ifdef HAVE_STRINGS_H
| # include <strings.h>
| #endif
| #ifdef HAVE_INTTYPES_H
| # include <inttypes.h>
| #endif
| #ifdef HAVE_STDINT_H
| # include <stdint.h>
| #endif
| #ifdef HAVE_UNISTD_H
| # include <unistd.h>
| #endif
| int
| main ()
| {
| if (sizeof ((_Bool)))
| 	    return 0;
|   ;
|   return 0;
| }
configure:5436: result: yes
configure:5452: checking for an ANSI C-conforming const
configure:5524: result: yes
configure:5532: checking for size_t
configure:5532: gcc -fPIC -c -g -O2  conftest.c >&5
configure:5532: $? = 0
configure:5532: gcc -fPIC -c -g -O2  conftest.c >&5
conftest.c: In function 'main':
conftest.c:57: error: expected expression before ')' token
configure:5532: $? = 1
configure: failed program was:
| /* confdefs.h */
| #define PACKAGE_NAME "ITAPS swapping service"
| #define PACKAGE_TARNAME "itaps-swapping-service"
| #define PACKAGE_VERSION "1.0"
| #define PACKAGE_STRING "ITAPS swapping service 1.0"
| #define PACKAGE_BUGREPORT "cfog@mech.ubc.ca"
| #define PACKAGE_URL ""
| #define STDC_HEADERS 1
| #define HAVE_SYS_TYPES_H 1
| #define HAVE_SYS_STAT_H 1
| #define HAVE_STDLIB_H 1
| #define HAVE_STRING_H 1
| #define HAVE_MEMORY_H 1
| #define HAVE_STRINGS_H 1
| #define HAVE_INTTYPES_H 1
| #define HAVE_STDINT_H 1
| #define HAVE_UNISTD_H 1
| #define HAVE__BOOL 1
| #define HAVE_STDBOOL_H 1
| /* end confdefs.h.  */
| #include <stdio.h>
| #ifdef HAVE_SYS_TYPES_H
| # include <sys/types.h>
| #endif
| #ifdef HAVE_SYS_STAT_H
| # include <sys/stat.h>
| #endif
| #ifdef STDC_HEADERS
| # include <stdlib.h>
| # include <stddef.h>
| #else
| # ifdef HAVE_STDLIB_H
| #  include <stdlib.h>
| # endif
| #endif
| #ifdef HAVE_STRING_H
| # if !defined STDC_HEADERS && defined HAVE_MEMORY_H
| #  include <memory.h>
| # endif
| # include <string.h>
| #endif
| #ifdef HAVE_STRINGS_H
| # include <strings.h>
| #endif
| #ifdef HAVE_INTTYPES_H
| # include <inttypes.h>
| #endif
| #ifdef HAVE_STDINT_H
| # include <stdint.h>
| #endif
| #ifdef HAVE_UNISTD_H
| # include <unistd.h>
| #endif
| int
| main ()
| {
| if (sizeof ((size_t)))
| 	    return 0;
|   ;
|   return 0;
| }
configure:5532: result: yes
configure:5544: checking for sqrt in -lm
configure:5569: gcc -fPIC -o conftest -g -O2   conftest.c -lm   >&5
conftest.c:28: warning: conflicting types for built-in function 'sqrt'
configure:5569: $? = 0
configure:5578: result: yes
configure:5592: checking for pow
configure:5592: gcc -fPIC -o conftest -g -O2   conftest.c -lm  >&5
conftest.c:45: warning: conflicting types for built-in function 'pow'
configure:5592: $? = 0
configure:5592: result: yes
configure:5592: checking for sqrt
configure:5592: gcc -fPIC -o conftest -g -O2   conftest.c -lm  >&5
conftest.c:46: warning: conflicting types for built-in function 'sqrt'
configure:5592: $? = 0
configure:5592: result: yes
configure:5605: WARNING: Not enabling support for Mesquite quality metrics.
configure:5793: creating ./config.status

## ---------------------- ##
## Running config.status. ##
## ---------------------- ##

This file was extended by ITAPS swapping service config.status 1.0, which was
generated by GNU Autoconf 2.65.  Invocation command line was

  CONFIG_FILES    = 
  CONFIG_HEADERS  = 
  CONFIG_LINKS    = 
  CONFIG_COMMANDS = 
  $ ./config.status 

on localhost

config.status:830: creating Makefile
config.status:830: creating ITAPS_Swap_config.hh
config.status:996: ITAPS_Swap_config.hh is unchanged

## ---------------- ##
## Cache variables. ##
## ---------------- ##

ac_cv_build=x86_64-unknown-linux-gnu
ac_cv_c_compiler_gnu=yes
ac_cv_c_const=yes
ac_cv_c_inline=inline
ac_cv_cxx_compiler_gnu=yes
ac_cv_env_CCC_set=
ac_cv_env_CCC_value=
ac_cv_env_CC_set=
ac_cv_env_CC_value=
ac_cv_env_CFLAGS_set=
ac_cv_env_CFLAGS_value=
ac_cv_env_CPPFLAGS_set=
ac_cv_env_CPPFLAGS_value=
ac_cv_env_CPP_set=
ac_cv_env_CPP_value=
ac_cv_env_CXXCPP_set=
ac_cv_env_CXXCPP_value=
ac_cv_env_CXXFLAGS_set=
ac_cv_env_CXXFLAGS_value=
ac_cv_env_CXX_set=
ac_cv_env_CXX_value=
ac_cv_env_IMESH_DEFS_set=set
ac_cv_env_IMESH_DEFS_value=/usr/local/itaps/lib/iMesh-Defs.inc.fmdb
ac_cv_env_LDFLAGS_set=
ac_cv_env_LDFLAGS_value=
ac_cv_env_LIBS_set=
ac_cv_env_LIBS_value=
ac_cv_env_MESQUITE_DIR_set=
ac_cv_env_MESQUITE_DIR_value=
ac_cv_env_build_alias_set=
ac_cv_env_build_alias_value=
ac_cv_env_host_alias_set=
ac_cv_env_host_alias_value=
ac_cv_env_target_alias_set=
ac_cv_env_target_alias_value=
ac_cv_func_pow=yes
ac_cv_func_sqrt=yes
ac_cv_header_inttypes_h=yes
ac_cv_header_memory_h=yes
ac_cv_header_stdbool_h=yes
ac_cv_header_stdc=yes
ac_cv_header_stdint_h=yes
ac_cv_header_stdlib_h=yes
ac_cv_header_string_h=yes
ac_cv_header_strings_h=yes
ac_cv_header_sys_stat_h=yes
ac_cv_header_sys_types_h=yes
ac_cv_header_unistd_h=yes
ac_cv_host=x86_64-unknown-linux-gnu
ac_cv_lib_m_sqrt=yes
ac_cv_objext=o
ac_cv_path_EGREP='/bin/grep -E'
ac_cv_path_GREP=/bin/grep
ac_cv_path_install='/usr/bin/install -c'
ac_cv_prog_AWK=gawk
ac_cv_prog_CPP='gcc -E'
ac_cv_prog_CXXCPP='g++ -E'
ac_cv_prog_ac_ct_CC=gcc
ac_cv_prog_ac_ct_CXX=g++
ac_cv_prog_ac_ct_RANLIB=ranlib
ac_cv_prog_cc_c89=
ac_cv_prog_cc_g=yes
ac_cv_prog_cc_gcc_c_o=yes
ac_cv_prog_cxx_g=yes
ac_cv_prog_make_make_set=yes
ac_cv_type__Bool=yes
ac_cv_type_size_t=yes

## ----------------- ##
## Output variables. ##
## ----------------- ##

AR_SHARED_CXX='g++ -fPIC -shared -o'
AR_STATIC='ar ruv'
AWK='gawk'
CC='gcc -fPIC'
CFLAGS='-g -O2'
CPP='gcc -E'
CPPFLAGS=''
CXX='g++ -fPIC'
CXXCPP='g++ -E'
CXXFLAGS='-g -O2'
DEFS='-DHAVE_CONFIG_H'
ECHO_C=''
ECHO_N='-n'
ECHO_T=''
EGREP='/bin/grep -E'
EXEEXT=''
GREP='/bin/grep'
IMESH_DEFS='/usr/local/itaps/lib/iMesh-Defs.inc.fmdb'
INSTALL_DATA='${INSTALL} -m 644'
INSTALL_PROGRAM='${INSTALL}'
INSTALL_SCRIPT='${INSTALL}'
LDFLAGS=''
LIBOBJS=''
LIBS='-lm '
LN_S='ln -s'
LTLIBOBJS=''
MESQUITE_DIR=''
OBJEXT='o'
PACKAGE_BUGREPORT='cfog@mech.ubc.ca'
PACKAGE_NAME='ITAPS swapping service'
PACKAGE_STRING='ITAPS swapping service 1.0'
PACKAGE_TARNAME='itaps-swapping-service'
PACKAGE_URL=''
PACKAGE_VERSION='1.0'
PATH_SEPARATOR=':'
RANLIB='ranlib'
SET_MAKE=''
SHELL='/bin/bash'
ac_ct_CC='gcc'
ac_ct_CXX='g++'
bindir='${exec_prefix}/bin'
build='x86_64-unknown-linux-gnu'
build_alias=''
build_cpu='x86_64'
build_os='linux-gnu'
build_vendor='unknown'
datadir='${datarootdir}'
datarootdir='${prefix}/share'
docdir='${datarootdir}/doc/${PACKAGE_TARNAME}'
dvidir='${docdir}'
exec_prefix='${prefix}'
host='x86_64-unknown-linux-gnu'
host_alias=''
host_cpu='x86_64'
host_os='linux-gnu'
host_vendor='unknown'
htmldir='${docdir}'
includedir='${prefix}/include'
infodir='${datarootdir}/info'
libdir='${exec_prefix}/lib'
libexecdir='${exec_prefix}/libexec'
localedir='${datarootdir}/locale'
localstatedir='${prefix}/var'
mandir='${datarootdir}/man'
oldincludedir='/usr/include'
pdfdir='${docdir}'
prefix='/usr/local'
program_transform_name='s,x,x,'
psdir='${docdir}'
sbindir='${exec_prefix}/sbin'
sharedstatedir='${prefix}/com'
sysconfdir='${prefix}/etc'
target_alias=''

## ----------- ##
## confdefs.h. ##
## ----------- ##

/* confdefs.h */
#define PACKAGE_NAME "ITAPS swapping service"
#define PACKAGE_TARNAME "itaps-swapping-service"
#define PACKAGE_VERSION "1.0"
#define PACKAGE_STRING "ITAPS swapping service 1.0"
#define PACKAGE_BUGREPORT "cfog@mech.ubc.ca"
#define PACKAGE_URL ""
#define STDC_HEADERS 1
#define HAVE_SYS_TYPES_H 1
#define HAVE_SYS_STAT_H 1
#define HAVE_STDLIB_H 1
#define HAVE_STRING_H 1
#define HAVE_MEMORY_H 1
#define HAVE_STRINGS_H 1
#define HAVE_INTTYPES_H 1
#define HAVE_STDINT_H 1
#define HAVE_UNISTD_H 1
#define HAVE__BOOL 1
#define HAVE_STDBOOL_H 1
#define HAVE_LIBM 1
#define HAVE_POW 1
#define HAVE_SQRT 1

configure: exit 0
