--2013-01-21 17:29:10--  http://software.sandia.gov/~bktidwe/mesquite-2.99.tar.gz
Resolving software.sandia.gov (software.sandia.gov)... 132.175.18.9
Connecting to software.sandia.gov (software.sandia.gov)|132.175.18.9|:80... connected.
HTTP request sent, awaiting response... 200 OK
Length: 12422359 (12M) [application/x-gzip]
Saving to: `mesquite-2.99.tar.gz.1'

     0K .......... .......... .......... .......... ..........  0% 78.0K 2m35s
    50K .......... .......... .......... .......... ..........  0%  172K 1m52s
   100K .......... .......... .......... .......... ..........  1%  196K 95s
   150K .......... .......... .......... .......... ..........  1%  250K 83s
   200K .......... .......... .......... .......... ..........  2%  167K 80s
   250K .......... .......... .......... .......... ..........  2%  243K 75s
   300K .......... .......... .......... .......... ..........  2%  254K 70s
   350K .......... .......... .......... .......... ..........  3%  457K 64s
   400K .......... .......... .......... .......... ..........  3%  261K 62s
   450K .......... .......... .......... .......... ..........  4%  459K 58s
   500K .......... .......... .......... .......... ..........  4%  461K 55s
   550K .......... .......... .......... .......... ..........  4%  509K 52s
   600K .......... .......... .......... .......... ..........  5%  270K 51s
   650K .......... .......... .......... .......... ..........  5%  470K 49s
   700K .......... .......... .......... .......... ..........  6%  504K 47s
   750K .......... .......... .......... .......... ..........  6%  510K 45s
   800K .......... .......... .......... .......... ..........  7%  487K 44s
   850K .......... .......... .......... .......... ..........  7%  499K 42s
   900K .......... .......... .......... .......... ..........  7%  502K 41s
   950K .......... .......... .......... .......... ..........  8%  254K 41s
  1000K .......... .......... .......... .......... ..........  8%  502K 40s
  1050K .......... .......... .......... .......... ..........  9%  502K 39s
  1100K .......... .......... .......... .......... ..........  9%  505K 38s
  1150K .......... .......... .......... .......... ..........  9%  515K 37s
  1200K .......... .......... .......... .......... .......... 10%  499K 36s
  1250K .......... .......... .......... .......... .......... 10%  501K 36s
  1300K .......... .......... .......... .......... .......... 11%  505K 35s
  1350K .......... .......... .......... .......... .......... 11% 3.61M 34s
  1400K .......... .......... .......... .......... .......... 11%  461K 33s
  1450K .......... .......... .......... .......... .......... 12%  530K 33s
  1500K .......... .......... .......... .......... .......... 12%  493K 32s
  1550K .......... .......... .......... .......... .......... 13%  501K 32s
  1600K .......... .......... .......... .......... .......... 13%  488K 31s
  1650K .......... .......... .......... .......... .......... 14%  510K 31s
  1700K .......... .......... .......... .......... .......