     1	--2013-01-21 17:23:34--  http://www.cs.sandia.gov/~kddevin/Zoltan_Distributions/zoltan_distrib_v3.601.tar.gz
     2	Resolving www.cs.sandia.gov (www.cs.sandia.gov)... 132.175.81.4
     3	Connecting to www.cs.sandia.gov (www.cs.sandia.gov)|132.175.81.4|:80... connected.
     4	HTTP request sent, awaiting response... 200 OK
     5	Length: 24489429 (23M) [application/x-gzip]
     6	Saving to: `zoltan_distrib_v3.601.tar.gz'
       
     7	     0K .......... .......... .......... .......... ..........  0% 70.1K 5m41s
     8	    50K .......... .......... .......... .......... ..........  0%  165K 4m2s
     9	   100K .......... .......... .......... .......... ..........  0%  162K 3m30s
    10	   150K .......... .......... .......... .......... ..........  0%  214K 3m5s
    11	   200K .......... .......... .......... .......... ..........  1%  220K 2m49s
    12	   250K .......... .......... .......... .......... ..........  1%  222K 2m38s
    13	   300K .......... .......... .......... .......... ..........  1%  216K 2m31s
    14	   350K .......... .......... .......... .......... ..........  1%  221K 2m25s
    15	   400K .......... .......... .......... .......... ..........  1%  219K 2m21s
    16	   450K .......... .......... .......... .......... ..........  2%  222K 2m17s
    17	   500K .......... .......... .......... .......... ..........  2%  148K 2m19s
    18	   550K .......... .......... .......... .......... ..........  2%  220K 2m16s
    19	   600K .......... .......... .......... .......... ..........  2%  220K 2m13s
    20	   650K .......... .......... .......... .......... ..........  2%  221K 2m11s
    21	   700K .......... .......... .......... .......... ..........  3%  223K 2m9s
    22	   750K .......... .......... .......... .......... ..........  3%  216K 2m7s
    23	   800K .......... .......... .......... .......... ..........  3%  219K 2m6s
    24	   850K .......... .......... .......... .......... ..........  3%  400K 2m1s
    25	   900K .......... .......... .......... .......... ..........  3%  364K 1m58s
    26	   950K .......... .......... .......... .......... ..........  4%  248K 1m57s
    27	  1000K .......... .......... .......... .......... ..........  4%  422K 1m53s
    28	  1050K .......... .......... .......... .......... ..........  4%  381K 1m51s
    29	  1100K .......... .......... .......... .......... ..........  4%  415K 1m48s
    30	  1150K .......... .......... .......... .......... ..........  5%  236K 1m47s
    31	  1200K .......... .......... .......... .......... ..........  5%  224K 1m47s
    32	  1250K .......... .......... .......... .......... ..........  5%  402K 1m45s
    33	  1300K .......... .......... .......... .......... ..........  5%  225K 1m44s
    34	  1350K .......... .......... .......... .......... ..........  5%  422K 1m42s
    35	  1400K .......... .......... .......... .......... ..........  6%  227K 1m42s
    36	  1450K .......... .......... .......... .......... ..........  6%  422K 1m40s
    37	  1500K .......... .......... .......... .......... ..........  6%  404K 98s
    38	  1550K .......... .......... .......... .......... ..........  6%  423K 97s
    39	  1600K .......... .......... .......... .......... ..........  6%  223K 97s
    40	  1650K .......... .......... .......... .......... ..........  7%  432K 95s
    41	  1700K .......... .......... .......... .......... ..........  7%  353K 94s
    42	  1750K .......... .......... .......... .......... ..........  7%  427K 93s
    43	  1800K .......... .......... .......... .......... ..........  7%  434K 91s
    44	  1850K .......... .......... .......... .......... ..........  7%  608K 90s
    45	  1900K .......... .......... .......... .......... ..........  8%  315K 89s
    46	  1950K .......... .......... .......... .......... ..........  8%  433K 88s
    47	  2000K .......... .......... .......... .......... ..........  8% 2.93M 86s
    48	  2050K .......... .......... .......... .......... ..........  8%  433K 85s
    49	  2100K .......... .......... .......... .......... ..........  8%  443K 84s
    50	  2150K .......... .......... .......... .......... ..........  9%  444K 83s
    51	  2200K .......... .......... .......... .......... ..........  9%  448K 82s
    52	  2250K .......... .......... .......... .......... ..........  9%  448K 81s
    53	  2300K .......... .......... .......... .......... ..........  9%  423K 80s
    54	  2350K .......... .......... .......... .......... .......... 10%  436K 79s
    55	  2400K .......... .......... .......... .......... .......... 10%  429K 78s
    56	  2450K .......... .......... .......... .......... .......... 10%  414K 78s
    57	  2500K .......... .......... .......... .......... .......... 10%  433K 77s
    58	  2550K .......... .......... .......... .......... .......... 10%  450K 76s
    59	  2600K .......... .......... .......... .......... .......... 11%  436K 75s
    60	  2650K .......... .......... .......... .......... .......... 11%  450K 75s
    61	  2700K .......... .......... .......... .......... .......... 11% 3.80M 73s
    62	  2750K .......... .......... .......... .......... .......... 11%  440K 73s
    63	  2800K .......... .......... .......... .......... .......... 11%  455K 72s
    64	  2850K .......... .......... .......... .......... .......... 12%  447K 71s
    65	  2900K .......... .......... .......... .......... .......... 12%  412K 71s
    66	  2950K .......... .......... .......... .......... .......... 12% 3.65M 70s
    67	  3000K .......... .......... .......... .......... .......... 12%  444K 69s
    68	  3050K .......... .......... .......... .......... .......... 12%  468K 69s
    69	  3100K .......... .......... .......... .......... .......... 13% 2.97M 67s
    70	  3150K .......... .......... .......... .......... .......... 13%  470K 67s
    71	  3200K .......... .......... .......... .......... .......... 13%  454K 66s
    72	  3250K .......... .......... .......... .......... .......... 13%  456K 66s
    73	  3300K .......... .......... .......... .......... .......... 14%  737K 65s
    74	  3350K .......... .......... .......... .......... .......... 14%  451K 65s
    75	  3400K .......... .......... .......... .......... .......... 14%  445K 64s
    76	  3450K .......... .......... .......... .......... .......... 14%  837K 64s
    77	  3500K .......... .......... .......... .......... .......... 14%  278K 64s
    78	  3550K .......... .......... .......... .......... .......... 15%  430K 63s
    79	  3600K .......... .......... .......... .......... .......... 15%  430K 63s
    80	  3650K .......... .......... .......... .......... .......... 15%  333K 63s
    81	  3700K .......... .......... .......... .......... .......... 15%  427K 62s
    82	  3750K .......... .......... .......... .......... .......... 15%  265K 62s
    83	  3800K .......... .......... .......... .......... .......... 16%  428K 62s
    84	  3850K .......... .......... .......... .......... .......... 16%  431K 62s
    85	  3900K .......... .......... .......... .......... .......... 16% 1.22M 61s
    86	  3950K .......... .......... .......... .......... .......... 16%  438K 61s
    87	  4000K .......... .......... .......... .......... .......... 16%  436K 60s
    88	  4050K .......... .......... .......... .......... .......... 17%  489K 60s
    89	  4100K .......... .......... .......... .......... .......... 17% 1.00M 59s
    90	  4150K .......... .......... .......... .......... .......... 17%  468K 59s
    91	  4200K .......... .......... .......... .......... .......... 17%  452K 59s
    92	  4250K .......... .......... .......... .......... .......... 17%  436K 58s
    93	  4300K .......... .......... .......... .......... .......... 18%  427K 58s
    94	  4350K .......... .......... .......... .......... .......... 18%  434K 58s
    95	  4400K .......... .......... .......... .......... .......... 18%  387K 57s
    96	  4450K .......... .......... .......... .......... .......... 18%  244K 58s
    97	  4500K .......... .......... .......... .......... .......... 19%  430K 57s
    98	  4550K .......... .......... .......... .......... .......... 19%  433K 57s
    99	  4600K .......... .......... .......... .......... .......... 19%  433K 57s
   100	  4650K .......... .......... .......... .......... .......... 19%  433K 56s
   101	  4700K .......... .......... .......... .......... .......... 19%  427K 56s
   102	  4750K .......... .......... .......... .......... .......... 20%  436K 56s
   103	  4800K .......... .......... .......... .......... .......... 20%  443K 56s
   104	  4850K .......... .......... .......... .......... .......... 20%  446K 55s
   105	  4900K .......... .......... .......... .......... .......... 20%  435K 55s
   106	  4950K .......... .......... .......... .......... .......... 20%  436K 55s
   107	  5000K .......... .......... .......... .......... .......... 21%  453K 55s
   108	  5050K .......... .......... .......... .......... .......... 21% 3.04M 54s
   109	  5100K .......... .......... .......... .......... .......... 21%  450K 54s
   110	  5150K .......... .......... .......... .......... .......... 21%  467K 53s
   111	  5200K .......... .......... .......... .......... .......... 21% 3.02M 53s
   112	  5250K .......... .......... .......... .......... .......... 22%  447K 53s
   113	  5300K .......... .......... .......... .......... .......... 22%  465K 52s
   114	  5350K .......... .......... .......... .......... .......... 22%  453K 52s
   115	  5400K .......... .......... .......... .......... .......... 22%  448K 52s
   116	  5450K .......... .......... .......... .......... .......... 22% 3.45M 51s
   117	  5500K .......... .......... .......... .......... .......... 23%  432K 51s
   118	  5550K .......... .......... .......... .......... .......... 23%  433K 51s
   119	  5600K .......... .......... .......... .......... .......... 23%  425K 51s
   120	  5650K .......... .......... .......... .......... .......... 23% 3.47M 50s
   121	  5700K .......... .......... .......... .......... .......... 24%  433K 50s
   122	  5750K .......... .......... .......... .......... .......... 24%  443K 50s
   123	  5800K .......... .......... .......... .......... .......... 24%  452K 49s
   124	  5850K .......... .......... .......... .......... .......... 24% 3.48M 49s
   125	  5900K .......... .......... .......... .......... .......... 24%  433K 49s
   126	  5950K .......... .......... .......... .......... .......... 25%  456K 48s
   127	  6000K .......... .......... .......... .......... .......... 25%  448K 48s
   128	  6050K .......... .......... .......... .......... .......... 25%  432K 48s
   129	  6100K .......... .......... .......... .......... .......... 25% 3.86M 48s
   130	  6150K .......... .......... .......... .......... .......... 25%  450K 47s
   131	  6200K .......... .......... .......... .......... .......... 26%  405K 47s
   132	  6250K .......... .......... .......... .......... .......... 26%  456K 47s
   133	  6300K .......... .......... .......... .......... .......... 26%  448K 47s
   134	  6350K .......... .......... .......... .......... .......... 26% 2.95M 46s
   135	  6400K .......... .......... .......... .......... .......... 26%  431K 46s
   136	  6450K .......... .......... .......... .......... .......... 27%  461K 46s
   137	  6500K .......... .......... .......... .......... .......... 27%  459K 46s
   138	  6550K .......... .......... .......... .......... .......... 27% 2.57M 45s
   139	  6600K .......... .......... .......... .......... .......... 27%  439K 45s
   140	  6650K .......... .......... .......... .......... .......... 28%  465K 45s
   141	  6700K .......... .......... .......... .......... .......... 28%  446K 45s
   142	  6750K .......... .......... .......... .......... .......... 28%  461K 45s
   143	  6800K .......... .......... .......... .......... .......... 28% 2.13M 44s
   144	  6850K .......... .......... .......... .......... .......... 28%  424K 44s
   145	  6900K .......... .......... .......... .......... .......... 29%  435K 44s
   146	  6950K .......... .......... .......... .......... .......... 29%  483K 44s
   147	  7000K .......... .......... .......... .......... .......... 29%  448K 44s
   148	  7050K .......... .......... .......... .......... .......... 29% 2.44M 43s
   149	  7100K .......... .......... .......... .......... .......... 29%  454K 43s
   150	  7150K .......... .......... .......... .......... .......... 30%  450K 43s
   151	  7200K .......... .......... .......... .......... .......... 30%  449K 43s
   152	  7250K .......... .......... .......... .......... .......... 30% 3.38M 42s
   153	  7300K .......... .......... .......... .......... .......... 30%  433K 42s
   154	  7350K .......... .......... .......... .......... .......... 30%  441K 42s
   155	  7400K .......... .......... .......... .......... .......... 31%  473K 42s
   156	  7450K .......... .......... .......... .......... .......... 31%  444K 42s
   157	  7500K .......... .......... .......... .......... .......... 31% 2.79M 41s
   158	  7550K .......... .......... .......... .......... .......... 31%  472K 41s
   159	  7600K .......... .......... .......... .......... .......... 31%  456K 41s
   160	  7650K .......... .......... .......... .......... .......... 32% 3.89M 41s
   161	  7700K .......... .......... .......... .......... .......... 32%  444K 40s
   162	  7750K .......... .......... .......... .......... .......... 32%  450K 40s
   163	  7800K .......... .......... .......... .......... .......... 32%  456K 40s
   164	  7850K .......... .......... .......... .......... .......... 33% 2.92M 40s
   165	  7900K .......... .......... .......... .......... .......... 33%  449K 40s
   166	  7950K .......... .......... .......... .......... .......... 33%  413K 40s
   167	  8000K .......... .......... .......... .......... .......... 33%  456K 39s
   168	  8050K .......... .......... .......... .......... .......... 33%  444K 39s
   169	  8100K .......... .......... .......... .......... .......... 34% 3.50M 39s
   170	  8150K .......... .......... .......... .......... .......... 34%  456K 39s
   171	  8200K .......... .......... .......... .......... .......... 34%  454K 39s
   172	  8250K .......... .......... .......... .......... .......... 34%  447K 38s
   173	  8300K .......... .......... .......... .......... .......... 34% 1.71M 38s
   174	  8350K .......... .......... .......... .......... .......... 35%  454K 38s
   175	  8400K .......... .......... .......... .......... .......... 35%  340K 38s
   176	  8450K .......... .......... .......... .......... .......... 35%  661K 38s
   177	  8500K .......... .......... .......... .......... .......... 35%  441K 38s
   178	  8550K .......... .......... .......... .......... .......... 35%  892K 37s
   179	  8600K .......... .......... .......... .......... .......... 36%  446K 37s
   180	  8650K .......... .......... .......... .......... .......... 36%  686K 37s
   181	  8700K .......... .......... .......... .......... .......... 36%  444K 37s
   182	  8750K .......... .......... .......... .......... .......... 36%  775K 37s
   183	  8800K .......... .......... .......... .......... .......... 37%  450K 36s
   184	  8850K .......... .......... .......... .......... .......... 37%  452K 36s
   185	  8900K .......... .......... .......... .......... .......... 37%  697K 36s
   186	  8950K .......... .......... .......... .......... .......... 37%  446K 36s
   187	  9000K .......... .......... .......... .......... .......... 37%  312K 36s
   188	  9050K .......... .......... .......... .......... .......... 38%  281K 36s
   189	  9100K .......... .......... .......... .......... .......... 38%  227K 36s
   190	  9150K .......... .......... .......... .......... .......... 38%  408K 36s
   191	  9200K .......... .......... .......... .......... .......... 38%  222K 36s
   192	  9250K .......... .......... .......... .......... .......... 38%  215K 36s
   193	  9300K .......... .......... .......... .......... .......... 39%  421K 36s
   194	  9350K .......... .......... .......... .......... .......... 39%  219K 36s
   195	  9400K .......... .......... .......... .......... .......... 39%  415K 36s
   196	  9450K .......... .......... .......... .......... .......... 39%  411K 36s
   197	  9500K .......... .......... .......... .......... .......... 39%  431K 35s
   198	  9550K .......... .......... .......... .......... .......... 40%  233K 35s
   199	  9600K .......... .......... .......... .......... .......... 40% 3.20M 35s
   200	  9650K .......... .......... .......... .......... .......... 40%  441K 35s
   201	  9700K .......... .......... .......... .......... .......... 40%  448K 35s
   202	  9750K .......... .......... .......... .......... .......... 40%  454K 35s
   203	  9800K .......... .......... .......... .......... .......... 41%  429K 35s
   204	  9850K .......... .......... .......... .......... .......... 41% 3.12M 34s
   205	  9900K .......... .......... .......... .......... .......... 41%  449K 34s
   206	  9950K .......... .......... .......... .......... .......... 41%  444K 34s
   207	 10000K .......... .......... .......... .......... .......... 42%  460K 34s
   208	 10050K .......... .......... .......... .......... .......... 42% 2.65M 34s
   209	 10100K .......... .......... .......... .......... .......... 42%  436K 34s
   210	 10150K .......... .......... .......... .......... .......... 42%  447K 33s
   211	 10200K .......... .......... .......... .......... .......... 42%  442K 33s
   212	 10250K .......... .......... .......... .......... .......... 43%  413K 33s
   213	 10300K .......... .......... .......... .......... .......... 43% 3.44M 33s
   214	 10350K .......... .......... .......... .......... .......... 43%  408K 33s
   215	 10400K .......... .......... .......... .......... .......... 43%  422K 33s
   216	 10450K .......... .......... .......... .......... .......... 43%  425K 33s
   217	 10500K .......... .......... .......... .......... .......... 44%  231K 33s
   218	 10550K .......... .......... .......... .......... .......... 44%  420K 32s
   219	 10600K .......... .......... .......... .......... .......... 44%  402K 32s
   220	 10650K .......... .......... .......... .......... .......... 44%  412K 32s
   221	 10700K .......... .......... .......... .......... .......... 44%  429K 32s
   222	 10750K .......... .......... .......... .......... .......... 45%  461K 32s
   223	 10800K .......... .......... .......... .......... .......... 45% 1.21M 32s
   224	 10850K .......... .......... .......... .......... .......... 45%  452K 32s
   225	 10900K .......... .......... .......... .......... .......... 45%  462K 31s
   226	 10950K .......... .......... .......... .......... .......... 45%  456K 31s
   227	 11000K .......... .......... .......... .......... .......... 46% 2.16M 31s
   228	 11050K .......... .......... .......... .......... .......... 46%  446K 31s
   229	 11100K .......... .......... .......... .......... .......... 46%  510K 31s
   230	 11150K .......... .......... .......... .......... .......... 46%  452K 31s
   231	 11200K .......... .......... .......... .......... .......... 47%  443K 30s
   232	 11250K .......... .......... .......... .......... .......... 47% 1.82M 30s
   233	 11300K .......... .......... .......... .......... .......... 47%  449K 30s
   234	 11350K .......... .......... .......... .......... .......... 47%  244K 30s
   235	 11400K .......... .......... .......... .......... .......... 47%  433K 30s
   236	 11450K .......... .......... .......... .......... .......... 48%  435K 30s
   237	 11500K .......... .......... .......... .......... .......... 48%  349K 30s
   238	 11550K .......... .......... .......... .......... .......... 48%  438K 30s
   239	 11600K .......... .......... .......... .......... .......... 48%  262K 30s
   240	 11650K .......... .......... .......... .......... .......... 48%  426K 29s
   241	 11700K .......... .......... .......... .......... .......... 49%  430K 29s
   242	 11750K .......... .......... .......... .......... .......... 49%  428K 29s
   243	 11800K .......... .......... .......... .......... .......... 49%  430K 29s
   244	 11850K .......... .......... .......... .......... .......... 49%  441K 29s
   245	 11900K .......... .......... .......... .......... .......... 49%  436K 29s
   246	 11950K .......... .......... .......... .......... .......... 50%  455K 29s
   247	 12000K .......... .......... .......... .......... .......... 50%  878K 29s
   248	 12050K .......... .......... .......... .......... .......... 50%  673K 28s
   249	 12100K .......... .......... .......... .......... .......... 50%  433K 28s
   250	 12150K .......... .......... .......... .......... .......... 51%  422K 28s
   251	 12200K .......... .......... .......... .......... .......... 51%  894K 28s
   252	 12250K .......... .......... .......... .......... .......... 51%  447K 28s
   253	 12300K .......... .......... .......... .......... .......... 51%  627K 28s
   254	 12350K .......... .......... .......... .......... .......... 51%  456K 28s
   255	 12400K .......... .......... .......... .......... .......... 52% 1.00M 27s
   256	 12450K .......... .......... .......... .......... .......... 52%  428K 27s
   257	 12500K .......... .......... .......... .......... .......... 52%  681K 27s
   258	 12550K .......... .......... .......... .......... .......... 52%  437K 27s
   259	 12600K .......... .......... .......... .......... .......... 52%  446K 27s
   260	 12650K .......... .......... .......... .......... .......... 53%  950K 27s
   261	 12700K .......... .......... .......... .......... .......... 53%  433K 26s
   262	 12750K .......... .......... .......... .......... .......... 53%  668K 26s
   263	 12800K .......... .......... .......... .......... .......... 53%  457K 26s
   264	 12850K .......... .......... .......... .......... .......... 53%  873K 26s
   265	 12900K .......... .......... .......... .......... .......... 54%  446K 26s
   266	 12950K .......... .......... .......... .......... .......... 54%  385K 26s
   267	 13000K .......... .......... .......... .......... .......... 54%  879K 26s
   268	 13050K .......... .......... .......... .......... .......... 54%  440K 26s
   269	 13100K .......... .......... .......... .......... .......... 54%  726K 25s
   270	 13150K .......... .......... .......... .......... .......... 55%  454K 25s
   271	 13200K .......... .......... .......... .......... .......... 55%  951K 25s
   272	 13250K .......... .......... .......... .......... .......... 55%  439K 25s
   273	 13300K .......... .......... .......... .......... .......... 55%  443K 25s
   274	 13350K .......... .......... .......... .......... .......... 56%  626K 25s
   275	 13400K .......... .......... .......... .......... .......... 56%  442K 25s
   276	 13450K .......... .......... .......... .......... .......... 56%  439K 24s
   277	 13500K .......... .......... .......... .......... .......... 56%  425K 24s
   278	 13550K .......... .......... .......... .......... .......... 56%  417K 24s
   279	 13600K .......... .......... .......... .......... .......... 57%  334K 24s
   280	 13650K .......... .......... .......... .......... .......... 57%  188K 24s
   281	 13700K .......... .......... .......... .......... .......... 57% 12.0M 24s
   282	 13750K .......... .......... .......... .......... .......... 57%  267K 24s
   283	 13800K .......... .......... .......... .......... .......... 57%  430K 24s
   284	 13850K .......... .......... .......... .......... .......... 58%  433K 24s
   285	 13900K .......... .......... .......... .......... .......... 58%  344K 24s
   286	 13950K .......... .......... .......... .......... .......... 58%  432K 23s
   287	 14000K .......... .......... .......... .......... .......... 58%  268K 23s
   288	 14050K .......... .......... .......... .......... .......... 58% 1.14M 23s
   289	 14100K .......... .......... .......... .......... .......... 59%  450K 23s
   290	 14150K .......... .......... .......... .......... .......... 59%  561K 23s
   291	 14200K .......... .......... .......... .......... .......... 59%  427K 23s
   292	 14250K .......... .......... .......... .......... .......... 59%  441K 23s
   293	 14300K .......... .......... .......... .......... .......... 60% 1.39M 22s
   294	 14350K .......... .......... .......... .......... .......... 60%  448K 22s
   295	 14400K .......... .......... .......... .......... .......... 60%  555K 22s
   296	 14450K .......... .......... .......... .......... .......... 60%  430K 22s
   297	 14500K .......... .......... .......... .......... .......... 60% 1.52M 22s
   298	 14550K .......... .......... .......... .......... .......... 61%  457K 22s
   299	 14600K .......... .......... .......... .......... .......... 61%  527K 22s
   300	 14650K .......... .......... .......... .......... .......... 61%  448K 22s
   301	 14700K .......... .......... .......... .......... .......... 61%  457K 21s
   302	 14750K .......... .......... .......... .......... .......... 61%  449K 21s
   303	 14800K .......... .......... .......... .......... .......... 62% 1.42M 21s
   304	 14850K .......... .......... .......... .......... .......... 62%  543K 21s
   305	 14900K .......... .......... .......... .......... .......... 62%  458K 21s
   306	 14950K .......... .......... .......... .......... .......... 62% 1.50M 21s
   307	 15000K .......... .......... .......... .......... .......... 62%  441K 21s
   308	 15050K .......... .......... .......... .......... .......... 63%  432K 20s
   309	 15100K .......... .......... .......... .......... .......... 63%  553K 20s
   310	 15150K .......... .......... .......... .......... .......... 63%  460K 20s
   311	 15200K .......... .......... .......... .......... .......... 63% 1.20M 20s
   312	 15250K .......... .......... .......... .......... .......... 63%  448K 20s
   313	 15300K .......... .......... .......... .......... .......... 64%  441K 20s
   314	 15350K .......... .......... .......... .......... .......... 64%  624K 20s
   315	 15400K .......... .......... .......... .......... .......... 64%  460K 20s
   316	 15450K .......... .......... .......... .......... .......... 64%  441K 19s
   317	 15500K .......... .......... .......... .......... .......... 65%  425K 19s
   318	 15550K .......... .......... .......... .......... .......... 65%  348K 19s
   319	 15600K .......... .......... .......... .......... .......... 65%  430K 19s
   320	 15650K .......... .......... .......... .......... .......... 65%  436K 19s
   321	 15700K .......... .......... .......... .......... .......... 65%  401K 19s
   322	 15750K .......... .......... .......... .......... .......... 66%  281K 19s
   323	 15800K .......... .......... .......... .......... .......... 66%  907K 19s
   324	 15850K .......... .......... .......... .......... .......... 66%  440K 19s
   325	 15900K .......... .......... .......... .......... .......... 66%  457K 18s
   326	 15950K .......... .......... .......... .......... .......... 66%  670K 18s
   327	 16000K .......... .......... .......... .......... .......... 67%  840K 18s
   328	 16050K .......... .......... .......... .......... .......... 67%  470K 18s
   329	 16100K .......... .......... .......... .......... .......... 67%  443K 18s
   330	 16150K .......... .......... .......... .......... .......... 67% 2.09M 18s
   331	 16200K .......... .......... .......... .......... .......... 67%  458K 18s
   332	 16250K .......... .......... .......... .......... .......... 68%  403K 18s
   333	 16300K .......... .......... .......... .......... .......... 68%  449K 17s
   334	 16350K .......... .......... .......... .......... .......... 68%  450K 17s
   335	 16400K .......... .......... .......... .......... .......... 68% 1.79M 17s
   336	 16450K .......... .......... .......... .......... .......... 68%  378K 17s
   337	 16500K .......... .......... .......... .......... .......... 69%  438K 17s
   338	 16550K .......... .......... .......... .......... .......... 69% 2.44M 17s
   339	 16600K .......... .......... .......... .......... .......... 69%  514K 17s
   340	 16650K .......... .......... .......... .......... .......... 69% 1.85M 16s
   341	 16700K .......... .......... .......... .......... .......... 70%  523K 16s
   342	 16750K .......... .......... .......... .......... .......... 70% 1.42M 16s
   343	 16800K .......... .......... .......... .......... .......... 70%  473K 16s
   344	 16850K .......... .......... .......... .......... .......... 70% 3.37M 16s
   345	 16900K .......... .......... .......... .......... .......... 70%  452K 16s
   346	 16950K .......... .......... .......... .......... .......... 71%  436K 16s
   347	 17000K .......... .......... .......... .......... .......... 71%  455K 16s
   348	 17050K .......... .......... .......... .......... .......... 71%  441K 15s
   349	 17100K .......... .......... .......... .......... .......... 71% 3.70M 15s
   350	 17150K .......... .......... .......... .......... .......... 71%  453K 15s
   351	 17200K .......... .......... .......... .......... .......... 72%  442K 15s
   352	 17250K .......... .......... .......... .......... .......... 72%  462K 15s
   353	 17300K .......... .......... .......... .......... .......... 72%  446K 15s
   354	 17350K .......... .......... .......... .......... .......... 72% 3.28M 15s
   355	 17400K .......... .......... .......... .......... .......... 72%  446K 15s
   356	 17450K .......... .......... .......... .......... .......... 73%  446K 15s
   357	 17500K .......... .......... .......... .......... .......... 73%  450K 14s
   358	 17550K .......... .......... .......... .......... .......... 73% 2.82M 14s
   359	 17600K .......... .......... .......... .......... .......... 73%  447K 14s
   360	 17650K .......... .......... .......... .......... .......... 74%  479K 14s
   361	 17700K .......... .......... .......... .......... .......... 74%  444K 14s
   362	 17750K .......... .......... .......... .......... .......... 74%  443K 14s
   363	 17800K .......... .......... .......... .......... .......... 74% 2.38M 14s
   364	 17850K .......... .......... .......... .......... .......... 74%  482K 14s
   365	 17900K .......... .......... .......... .......... .......... 75%  452K 13s
   366	 17950K .......... .......... .......... .......... .......... 75%  443K 13s
   367	 18000K .......... .......... .......... .......... .......... 75% 2.59M 13s
   368	 18050K .......... .......... .......... .......... .......... 75%  445K 13s
   369	 18100K .......... .......... .......... .......... .......... 75%  461K 13s
   370	 18150K .......... .......... .......... .......... .......... 76%  465K 13s
   371	 18200K .......... .......... .......... .......... .......... 76%  449K 13s
   372	 18250K .......... .......... .......... .......... .......... 76% 2.35M 13s
   373	 18300K .......... .......... .......... .......... .......... 76%  459K 12s
   374	 18350K .......... .......... .......... .......... .......... 76%  451K 12s
   375	 18400K .......... .......... .......... .......... .......... 77%  461K 12s
   376	 18450K .......... .......... .......... .......... .......... 77% 1.90M 12s
   377	 18500K .......... .......... .......... .......... .......... 77%  460K 12s
   378	 18550K .......... .......... .......... .......... .......... 77%  459K 12s
   379	 18600K .......... .......... .......... .......... .......... 77%  450K 12s
   380	 18650K .......... .......... .......... .......... .......... 78%  437K 12s
   381	 18700K .......... .......... .......... .......... .......... 78% 3.88M 12s
   382	 18750K .......... .......... .......... .......... .......... 78%  444K 11s
   383	 18800K .......... .......... .......... .......... .......... 78%  456K 11s
   384	 18850K .......... .......... .......... .......... .......... 79%  444K 11s
   385	 18900K .......... .......... .......... .......... .......... 79%  460K 11s
   386	 18950K .......... .......... .......... .......... .......... 79% 2.27M 11s
   387	 19000K .......... .......... .......... .......... .......... 79%  452K 11s
   388	 19050K .......... .......... .......... .......... .......... 79%  437K 11s
   389	 19100K .......... .......... .......... .......... .......... 80%  455K 11s
   390	 19150K .......... .......... .......... .......... .......... 80% 3.24M 10s
   391	 19200K .......... .......... .......... .......... .......... 80%  451K 10s
   392	 19250K .......... .......... .......... .......... .......... 80%  443K 10s
   393	 19300K .......... .......... .......... .......... .......... 80%  452K 10s
   394	 19350K .......... .......... .......... .......... .......... 81%  451K 10s
   395	 19400K .......... .......... .......... .......... .......... 81% 3.61M 10s
   396	 19450K .......... .......... .......... .......... .......... 81%  427K 10s
   397	 19500K .......... .......... .......... .......... .......... 81%  437K 10s
   398	 19550K .......... .......... .......... .......... .......... 81%  444K 10s
   399	 19600K .......... .......... .......... .......... .......... 82%  454K 9s
   400	 19650K .......... .......... .......... .......... .......... 82% 1.69M 9s
   401	 19700K .......... .......... .......... .......... .......... 82%  424K 9s
   402	 19750K .......... .......... .......... .......... .......... 82%  417K 9s
   403	 19800K .......... .......... .......... .......... .......... 83%  460K 9s
   404	 19850K .......... .......... .......... .......... .......... 83%  416K 9s
   405	 19900K .......... .......... .......... .......... .......... 83% 1.35M 9s
   406	 19950K .......... .......... .......... .......... .......... 83%  458K 9s
   407	 20000K .......... .......... .......... .......... .......... 83%  471K 9s
   408	 20050K .......... .......... .......... .......... .......... 84%  451K 8s
   409	 20100K .......... .......... .......... .......... .......... 84% 1.36M 8s
   410	 20150K .......... .......... .......... .......... .......... 84%  452K 8s
   411	 20200K .......... .......... .......... .......... .......... 84%  430K 8s
   412	 20250K .......... .......... .......... .......... .......... 84%  445K 8s
   413	 20300K .......... .......... .......... .......... .......... 85%  472K 8s
   414	 20350K .......... .......... .......... .......... .......... 85% 1.45M 8s
   415	 20400K .......... .......... .......... .......... .......... 85%  500K 8s
   416	 20450K .......... .......... .......... .......... .......... 85%  486K 8s
   417	 20500K .......... .......... .......... .......... .......... 85%  458K 7s
   418	 20550K .......... .......... .......... .......... .......... 86%  433K 7s
   419	 20600K .......... .......... .......... .......... .......... 86% 1.56M 7s
   420	 20650K .......... .......... .......... .......... .......... 86%  439K 7s
   421	 20700K .......... .......... .......... .......... .......... 86%  484K 7s
   422	 20750K .......... .......... .......... .......... .......... 86%  444K 7s
   423	 20800K .......... .......... .......... .......... .......... 87%  451K 7s
   424	 20850K .......... .......... .......... .......... .......... 87% 3.17M 7s
   425	 20900K .......... .......... .......... .......... .......... 87%  461K 6s
   426	 20950K .......... .......... .......... .......... .......... 87%  425K 6s
   427	 21000K .......... .......... .......... .......... .......... 88%  438K 6s
   428	 21050K .......... .......... .......... .......... .......... 88%  432K 6s
   429	 21100K .......... .......... .......... .......... .......... 88%  442K 6s
   430	 21150K .......... .......... .......... .......... .......... 88%  426K 6s
   431	 21200K .......... .......... .......... .......... .......... 88% 3.10M 6s
   432	 21250K .......... .......... .......... .......... .......... 89%  446K 6s
   433	 21300K .......... .......... .......... .......... .......... 89%  460K 6s
   434	 21350K .......... .......... .......... .......... .......... 89% 3.83M 5s
   435	 21400K .......... .......... .......... .......... .......... 89%  438K 5s
   436	 21450K .......... .......... .......... .......... .......... 89%  444K 5s
   437	 21500K .......... .......... .......... .......... .......... 90%  473K 5s
   438	 21550K .......... .......... .......... .......... .......... 90% 2.60M 5s
   439	 21600K .......... .......... .......... .......... .......... 90%  490K 5s
   440	 21650K .......... .......... .......... .......... .......... 90%  451K 5s
   441	 21700K .......... .......... .......... .......... .......... 90%  443K 5s
   442	 21750K .......... .......... .......... .......... .......... 91%  441K 5s
   443	 21800K .......... .......... .......... .......... .......... 91% 3.51M 4s
   444	 21850K .......... .......... .......... .......... .......... 91%  456K 4s
   445	 21900K .......... .......... .......... .......... .......... 91%  425K 4s
   446	 21950K .......... .......... .......... .......... .......... 91%  429K 4s
   447	 22000K .......... .......... .......... .......... .......... 92%  436K 4s
   448	 22050K .......... .......... .......... .......... .......... 92%  434K 4s
   449	 22100K .......... .......... .......... .......... .......... 92%  415K 4s
   450	 22150K .......... .......... .......... .......... .......... 92%  431K 4s
   451	 22200K .......... .......... .......... .......... .......... 93%  414K 4s
   452	 22250K .......... .......... .......... .......... .......... 93%  416K 4s
   453	 22300K .......... .......... .......... .......... .......... 93%  432K 3s
   454	 22350K .......... .......... .......... .......... .......... 93%  434K 3s
   455	 22400K .......... .......... .......... .......... .......... 93%  441K 3s
   456	 22450K .......... .......... .......... .......... .......... 94%  460K 3s
   457	 22500K .......... .......... .......... .......... .......... 94% 2.84M 3s
   458	 22550K .......... .......... .......... .......... .......... 94%  445K 3s
   459	 22600K .......... .......... .......... .......... .......... 94%  465K 3s
   460	 22650K .......... .......... .......... .......... .......... 94%  444K 3s
   461	 22700K .......... .......... .......... .......... .......... 95% 3.25M 3s
   462	 22750K .......... .......... .......... .......... .......... 95%  428K 2s
   463	 22800K .......... .......... .......... .......... .......... 95%  433K 2s
   464	 22850K .......... .......... .......... .......... .......... 95%  448K 2s
   465	 22900K .......... .......... .......... .......... .......... 95%  384K 2s
   466	 22950K .......... .......... .......... .......... .......... 96%  431K 2s
   467	 23000K .......... .......... .......... .......... .......... 96%  431K 2s
   468	 23050K .......... .......... .......... .......... .......... 96%  432K 2s
   469	 23100K .......... .......... .......... .......... .......... 96%  433K 2s
   470	 23150K .......... .......... .......... .......... .......... 97%  452K 2s
   471	 23200K .......... .......... .......... .......... .......... 97%  424K 1s
   472	 23250K .......... .......... .......... .......... .......... 97% 3.87M 1s
   473	 23300K .......... .......... .......... .......... .......... 97%  451K 1s
   474	 23350K .......... .......... .......... .......... .......... 97%  465K 1s
   475	 23400K .......... .......... .......... .......... .......... 98%  443K 1s
   476	 23450K .......... .......... .......... .......... .......... 98%  449K 1s
   477	 23500K .......... .......... .......... .......... .......... 98% 3.66M 1s
   478	 23550K .......... .......... .......... .......... .......... 98%  438K 1s
   479	 23600K .......... .......... .......... .......... .......... 98%  438K 1s
   480	 23650K .......... .......... .......... .......... .......... 99%  446K 0s
   481	 23700K .......... .......... .......... .......... .......... 99% 2.47M 0s
   482	 23750K .......... .......... .......... .......... .......... 99%  439K 0s
   483	 23800K .......... .......... .......... .......... .......... 99%  440K 0s
   484	 23850K .......... .......... .......... .......... .......... 99%  435K 0s
   485	 23900K .......... .....                                      100% 4.11M=52s
       
   486	2013-01-21 17:24:26 (462 KB/s) - `zoltan_distrib_v3.601.tar.gz' saved [24489429/24489429]
       
